
[2022-10-13 22:09:30] [10680] [4.1217] [862024] [ERROR] ErrorHandler: Exception: Warning: mysqli::__construct(): (HY000/2002): Подключение не установлено, т.к. конечный компьютер отверг запрос на подключение.
 in /classes/MysqliDb.php on line 283. in C:\Projects\sample\core.php:85
Stack trace:
#0 [internal function]: gErrorHandler(2, 'mysqli::__const...', '/classes/Mysqli...', 283, Array)
#1 C:\Projects\sample\classes\MysqliDb.php(283): mysqli->__construct('localhost', 'root', 'MySQL!SuperPass...', 'vpp', '3306')
#2 C:\Projects\sample\classes\Utils.php(16): MysqliDb->connect()
#3 C:\Projects\sample\public\contact\index.php(38): Utils::DB()
#4 C:\Projects\sample\classes\Facade.php(168): Contact_Index_View->SendForm(Object(Facade), Array)
#5 C:\Projects\sample\classes\Facade.php(196): FacadeView->ProcessRequestAction(Object(Facade), Array, 'Render')
#6 C:\Projects\sample\classes\Facade.php(119): FacadeView->Execute(Object(Facade), Array)
#7 C:\Projects\sample\classes\Facade.php(24): Facade->doExecute('contact', Array, 'Execute')
#8 C:\Projects\sample\classes\Facade.php(16): Facade::Execute('contact', Array, 'C:\\Projects\\sam...', 'http://localhos...')
#9 C:\Projects\sample\index.php(10): Facade::Run('contact', Array, 'C:\\Projects\\sam...', 'http://localhos...')
#10 {main}
[2022-10-13 22:09:30] [10680] [4.1520] [839296] [ERROR] ErrorHandler: Exception: Warning: mysqli::close(): Couldn't fetch mysqli in /classes/MysqliDb.php on line 1891. in C:\Projects\sample\core.php:85
Stack trace:
#0 [internal function]: gErrorHandler(2, 'mysqli::close()...', '/classes/Mysqli...', 1891, Array)
#1 C:\Projects\sample\classes\MysqliDb.php(1891): mysqli->close()
#2 [internal function]: MysqliDb->__destruct()
#3 {main}

[2022-10-13 22:10:01] [10680] [4.0666] [862024] [ERROR] ErrorHandler: Exception: Warning: mysqli::__construct(): (HY000/2002): Подключение не установлено, т.к. конечный компьютер отверг запрос на подключение.
 in /classes/MysqliDb.php on line 283. in C:\Projects\sample\core.php:85
Stack trace:
#0 [internal function]: gErrorHandler(2, 'mysqli::__const...', '/classes/Mysqli...', 283, Array)
#1 C:\Projects\sample\classes\MysqliDb.php(283): mysqli->__construct('localhost', 'root', 'MySQL!SuperPass...', 'vpp', '3306')
#2 C:\Projects\sample\classes\Utils.php(16): MysqliDb->connect()
#3 C:\Projects\sample\public\contact\index.php(38): Utils::DB()
#4 C:\Projects\sample\classes\Facade.php(168): Contact_Index_View->SendForm(Object(Facade), Array)
#5 C:\Projects\sample\classes\Facade.php(196): FacadeView->ProcessRequestAction(Object(Facade), Array, 'Render')
#6 C:\Projects\sample\classes\Facade.php(119): FacadeView->Execute(Object(Facade), Array)
#7 C:\Projects\sample\classes\Facade.php(24): Facade->doExecute('contact', Array, 'Execute')
#8 C:\Projects\sample\classes\Facade.php(16): Facade::Execute('contact', Array, 'C:\\Projects\\sam...', 'http://localhos...')
#9 C:\Projects\sample\index.php(10): Facade::Run('contact', Array, 'C:\\Projects\\sam...', 'http://localhos...')
#10 {main}
[2022-10-13 22:10:01] [10680] [4.0675] [839296] [ERROR] ErrorHandler: Exception: Warning: mysqli::close(): Couldn't fetch mysqli in /classes/MysqliDb.php on line 1891. in C:\Projects\sample\core.php:85
Stack trace:
#0 [internal function]: gErrorHandler(2, 'mysqli::close()...', '/classes/Mysqli...', 1891, Array)
#1 C:\Projects\sample\classes\MysqliDb.php(1891): mysqli->close()
#2 [internal function]: MysqliDb->__destruct()
#3 {main}

[2022-10-13 22:10:17] [10680] [4.0968] [857192] [ERROR] ErrorHandler: Exception: Warning: mysqli::__construct(): (HY000/2002): Подключение не установлено, т.к. конечный компьютер отверг запрос на подключение.
 in /classes/MysqliDb.php on line 283. in C:\Projects\sample\core.php:85
Stack trace:
#0 [internal function]: gErrorHandler(2, 'mysqli::__const...', '/classes/Mysqli...', 283, Array)
#1 C:\Projects\sample\classes\MysqliDb.php(283): mysqli->__construct('localhost', 'root', 'MySQL!SuperPass...', 'vpp', '3306')
#2 C:\Projects\sample\classes\Utils.php(16): MysqliDb->connect()
#3 C:\Projects\sample\public\postcontact\index.php(8): Utils::DB()
#4 C:\Projects\sample\classes\Facade.php(168): Postcontact_Index_View->Render(Object(Facade), Array)
#5 C:\Projects\sample\classes\Facade.php(196): FacadeView->ProcessRequestAction(Object(Facade), Array, 'Render')
#6 C:\Projects\sample\classes\Facade.php(119): FacadeView->Execute(Object(Facade), Array)
#7 C:\Projects\sample\classes\Facade.php(24): Facade->doExecute('postcontact/ind...', Array, 'Execute')
#8 C:\Projects\sample\classes\Facade.php(16): Facade::Execute('postcontact/ind...', Array, 'C:\\Projects\\sam...', 'http://localhos...')
#9 C:\Projects\sample\index.php(10): Facade::Run('postcontact/ind...', Array, 'C:\\Projects\\sam...', 'http://localhos...')
#10 {main}
[2022-10-13 22:10:17] [10680] [4.0981] [834576] [ERROR] ErrorHandler: Exception: Warning: mysqli::close(): Couldn't fetch mysqli in /classes/MysqliDb.php on line 1891. in C:\Projects\sample\core.php:85
Stack trace:
#0 [internal function]: gErrorHandler(2, 'mysqli::close()...', '/classes/Mysqli...', 1891, Array)
#1 C:\Projects\sample\classes\MysqliDb.php(1891): mysqli->close()
#2 [internal function]: MysqliDb->__destruct()
#3 {main}

[2022-10-13 22:10:49] [10680] [4.0595] [862024] [ERROR] ErrorHandler: Exception: Warning: mysqli::__construct(): (HY000/2002): Подключение не установлено, т.к. конечный компьютер отверг запрос на подключение.
 in /classes/MysqliDb.php on line 283. in C:\Projects\sample\core.php:85
Stack trace:
#0 [internal function]: gErrorHandler(2, 'mysqli::__const...', '/classes/Mysqli...', 283, Array)
#1 C:\Projects\sample\classes\MysqliDb.php(283): mysqli->__construct('localhost', 'root', 'MySQL!SuperPass...', 'vpp', '3306')
#2 C:\Projects\sample\classes\Utils.php(16): MysqliDb->connect()
#3 C:\Projects\sample\public\contact\index.php(38): Utils::DB()
#4 C:\Projects\sample\classes\Facade.php(168): Contact_Index_View->SendForm(Object(Facade), Array)
#5 C:\Projects\sample\classes\Facade.php(196): FacadeView->ProcessRequestAction(Object(Facade), Array, 'Render')
#6 C:\Projects\sample\classes\Facade.php(119): FacadeView->Execute(Object(Facade), Array)
#7 C:\Projects\sample\classes\Facade.php(24): Facade->doExecute('contact', Array, 'Execute')
#8 C:\Projects\sample\classes\Facade.php(16): Facade::Execute('contact', Array, 'C:\\Projects\\sam...', 'http://localhos...')
#9 C:\Projects\sample\index.php(10): Facade::Run('contact', Array, 'C:\\Projects\\sam...', 'http://localhos...')
#10 {main}
[2022-10-13 22:10:49] [10680] [4.0606] [839296] [ERROR] ErrorHandler: Exception: Warning: mysqli::close(): Couldn't fetch mysqli in /classes/MysqliDb.php on line 1891. in C:\Projects\sample\core.php:85
Stack trace:
#0 [internal function]: gErrorHandler(2, 'mysqli::close()...', '/classes/Mysqli...', 1891, Array)
#1 C:\Projects\sample\classes\MysqliDb.php(1891): mysqli->close()
#2 [internal function]: MysqliDb->__destruct()
#3 {main}

[2022-10-13 22:11:12] [10680] [4.0831] [862024] [ERROR] ErrorHandler: Exception: Warning: mysqli::__construct(): (HY000/2002): Подключение не установлено, т.к. конечный компьютер отверг запрос на подключение.
 in /classes/MysqliDb.php on line 283. in C:\Projects\sample\core.php:85
Stack trace:
#0 [internal function]: gErrorHandler(2, 'mysqli::__const...', '/classes/Mysqli...', 283, Array)
#1 C:\Projects\sample\classes\MysqliDb.php(283): mysqli->__construct('localhost', 'root', 'MySQL!SuperPass...', 'vpp', '3306')
#2 C:\Projects\sample\classes\Utils.php(16): MysqliDb->connect()
#3 C:\Projects\sample\public\contact\index.php(38): Utils::DB()
#4 C:\Projects\sample\classes\Facade.php(168): Contact_Index_View->SendForm(Object(Facade), Array)
#5 C:\Projects\sample\classes\Facade.php(196): FacadeView->ProcessRequestAction(Object(Facade), Array, 'Render')
#6 C:\Projects\sample\classes\Facade.php(119): FacadeView->Execute(Object(Facade), Array)
#7 C:\Projects\sample\classes\Facade.php(24): Facade->doExecute('contact', Array, 'Execute')
#8 C:\Projects\sample\classes\Facade.php(16): Facade::Execute('contact', Array, 'C:\\Projects\\sam...', 'http://localhos...')
#9 C:\Projects\sample\index.php(10): Facade::Run('contact', Array, 'C:\\Projects\\sam...', 'http://localhos...')
#10 {main}
[2022-10-13 22:11:12] [10680] [4.0844] [839296] [ERROR] ErrorHandler: Exception: Warning: mysqli::close(): Couldn't fetch mysqli in /classes/MysqliDb.php on line 1891. in C:\Projects\sample\core.php:85
Stack trace:
#0 [internal function]: gErrorHandler(2, 'mysqli::close()...', '/classes/Mysqli...', 1891, Array)
#1 C:\Projects\sample\classes\MysqliDb.php(1891): mysqli->close()
#2 [internal function]: MysqliDb->__destruct()
#3 {main}

[2022-10-13 22:11:25] [10680] [4.0837] [857160] [ERROR] ErrorHandler: Exception: Warning: mysqli::__construct(): (HY000/2002): Подключение не установлено, т.к. конечный компьютер отверг запрос на подключение.
 in /classes/MysqliDb.php on line 283. in C:\Projects\sample\core.php:85
Stack trace:
#0 [internal function]: gErrorHandler(2, 'mysqli::__const...', '/classes/Mysqli...', 283, Array)
#1 C:\Projects\sample\classes\MysqliDb.php(283): mysqli->__construct('localhost', 'root', 'MySQL!SuperPass...', 'vpp', '3306')
#2 C:\Projects\sample\classes\Utils.php(16): MysqliDb->connect()
#3 C:\Projects\sample\public\postcontact\index.php(8): Utils::DB()
#4 C:\Projects\sample\classes\Facade.php(168): Postcontact_Index_View->Render(Object(Facade), Array)
#5 C:\Projects\sample\classes\Facade.php(196): FacadeView->ProcessRequestAction(Object(Facade), Array, 'Render')
#6 C:\Projects\sample\classes\Facade.php(119): FacadeView->Execute(Object(Facade), Array)
#7 C:\Projects\sample\classes\Facade.php(24): Facade->doExecute('postcontact', Array, 'Execute')
#8 C:\Projects\sample\classes\Facade.php(16): Facade::Execute('postcontact', Array, 'C:\\Projects\\sam...', 'http://localhos...')
#9 C:\Projects\sample\index.php(10): Facade::Run('postcontact', Array, 'C:\\Projects\\sam...', 'http://localhos...')
#10 {main}
[2022-10-13 22:11:25] [10680] [4.0845] [834544] [ERROR] ErrorHandler: Exception: Warning: mysqli::close(): Couldn't fetch mysqli in /classes/MysqliDb.php on line 1891. in C:\Projects\sample\core.php:85
Stack trace:
#0 [internal function]: gErrorHandler(2, 'mysqli::close()...', '/classes/Mysqli...', 1891, Array)
#1 C:\Projects\sample\classes\MysqliDb.php(1891): mysqli->close()
#2 [internal function]: MysqliDb->__destruct()
#3 {main}
